<?xml version="1.0" encoding="UTF-8"?>
<testng-results skipped="0" failed="1" ignored="0" total="3" passed="2">
  <reporter-output>
  </reporter-output>
  <suite name="Default suite" duration-ms="41317" started-at="2017-03-24T12:34:27Z" finished-at="2017-03-24T12:35:08Z">
    <groups>
    </groups>
    <test name="Default test" duration-ms="41317" started-at="2017-03-24T12:34:27Z" finished-at="2017-03-24T12:35:08Z">
      <class name="ActiTime.ActiLogin">
        <test-method status="PASS" signature="actiLogin(java.lang.String, java.lang.String)[pri:0, instance:ActiTime.ActiLogin@2a2d45ba]" name="actiLogin" duration-ms="11865" started-at="2017-03-24T18:04:27Z" data-provider="ActiTime" finished-at="2017-03-24T18:04:39Z">
          <params>
            <param index="0">
              <value>
                <![CDATA[admin]]>
              </value>
            </param>
            <param index="1">
              <value>
                <![CDATA[manager]]>
              </value>
            </param>
          </params>
          <reporter-output>
          </reporter-output>
        </test-method> <!-- actiLogin -->
        <test-method status="PASS" signature="teerDown()[pri:0, instance:ActiTime.ActiLogin@2a2d45ba]" name="teerDown" is-config="true" duration-ms="1651" started-at="2017-03-24T18:04:39Z" finished-at="2017-03-24T18:04:40Z">
          <reporter-output>
          </reporter-output>
        </test-method> <!-- teerDown -->
        <test-method status="PASS" signature="actiLogin(java.lang.String, java.lang.String)[pri:0, instance:ActiTime.ActiLogin@2a2d45ba]" name="actiLogin" duration-ms="12476" started-at="2017-03-24T18:04:40Z" data-provider="ActiTime" finished-at="2017-03-24T18:04:53Z">
          <params>
            <param index="0">
              <value>
                <![CDATA[admin]]>
              </value>
            </param>
            <param index="1">
              <value>
                <![CDATA[manager]]>
              </value>
            </param>
          </params>
          <reporter-output>
          </reporter-output>
        </test-method> <!-- actiLogin -->
        <test-method status="PASS" signature="teerDown()[pri:0, instance:ActiTime.ActiLogin@2a2d45ba]" name="teerDown" is-config="true" duration-ms="1568" started-at="2017-03-24T18:04:53Z" finished-at="2017-03-24T18:04:54Z">
          <reporter-output>
          </reporter-output>
        </test-method> <!-- teerDown -->
        <test-method status="FAIL" signature="actiLogin(java.lang.String, java.lang.String)[pri:0, instance:ActiTime.ActiLogin@2a2d45ba]" name="actiLogin" duration-ms="12323" started-at="2017-03-24T18:04:54Z" data-provider="ActiTime" finished-at="2017-03-24T18:05:07Z">
          <params>
            <param index="0">
              <value>
                <![CDATA[admin]]>
              </value>
            </param>
            <param index="1">
              <value>
                <![CDATA[manage]]>
              </value>
            </param>
          </params>
          <exception class="java.lang.AssertionError">
            <message>
              <![CDATA[invalid login user details expected [true] but found [false]]]>
            </message>
            <full-stacktrace>
              <![CDATA[java.lang.AssertionError: invalid login user details expected [true] but found [false]
	at org.testng.Assert.fail(Assert.java:94)
	at org.testng.Assert.failNotEquals(Assert.java:513)
	at org.testng.Assert.assertTrue(Assert.java:42)
	at ActiTime.ActiLogin.actiLogin(ActiLogin.java:32)
	at sun.reflect.NativeMethodAccessorImpl.invoke0(Native Method)
	at sun.reflect.NativeMethodAccessorImpl.invoke(Unknown Source)
	at sun.reflect.DelegatingMethodAccessorImpl.invoke(Unknown Source)
	at java.lang.reflect.Method.invoke(Unknown Source)
	at org.testng.internal.MethodInvocationHelper.invokeMethod(MethodInvocationHelper.java:104)
	at org.testng.internal.Invoker.invokeMethod(Invoker.java:645)
	at org.testng.internal.Invoker.invokeTestMethod(Invoker.java:851)
	at org.testng.internal.Invoker.invokeTestMethods(Invoker.java:1177)
	at org.testng.internal.TestMethodWorker.invokeTestMethods(TestMethodWorker.java:129)
	at org.testng.internal.TestMethodWorker.run(TestMethodWorker.java:112)
	at org.testng.TestRunner.privateRun(TestRunner.java:756)
	at org.testng.TestRunner.run(TestRunner.java:610)
	at org.testng.SuiteRunner.runTest(SuiteRunner.java:387)
	at org.testng.SuiteRunner.runSequentially(SuiteRunner.java:382)
	at org.testng.SuiteRunner.privateRun(SuiteRunner.java:340)
	at org.testng.SuiteRunner.run(SuiteRunner.java:289)
	at org.testng.SuiteRunnerWorker.runSuite(SuiteRunnerWorker.java:52)
	at org.testng.SuiteRunnerWorker.run(SuiteRunnerWorker.java:86)
	at org.testng.TestNG.runSuitesSequentially(TestNG.java:1293)
	at org.testng.TestNG.runSuitesLocally(TestNG.java:1218)
	at org.testng.TestNG.runSuites(TestNG.java:1133)
	at org.testng.TestNG.run(TestNG.java:1104)
	at org.testng.remote.AbstractRemoteTestNG.run(AbstractRemoteTestNG.java:132)
	at org.testng.remote.RemoteTestNG.initAndRun(RemoteTestNG.java:236)
	at org.testng.remote.RemoteTestNG.main(RemoteTestNG.java:81)
]]>
            </full-stacktrace>
          </exception> <!-- java.lang.AssertionError -->
          <reporter-output>
          </reporter-output>
        </test-method> <!-- actiLogin -->
        <test-method status="PASS" signature="teerDown()[pri:0, instance:ActiTime.ActiLogin@2a2d45ba]" name="teerDown" is-config="true" duration-ms="1388" started-at="2017-03-24T18:05:07Z" finished-at="2017-03-24T18:05:08Z">
          <reporter-output>
          </reporter-output>
        </test-method> <!-- teerDown -->
      </class> <!-- ActiTime.ActiLogin -->
    </test> <!-- Default test -->
  </suite> <!-- Default suite -->
</testng-results>
